<?xml version="1.0" encoding="UTF-8"?>
<testng-results ignored="0" total="5" passed="4" failed="1" skipped="0">
  <reporter-output>
  </reporter-output>
  <suite started-at="2025-01-22T19:02:29 IST" name="Default suite" finished-at="2025-01-22T19:03:05 IST" duration-ms="36071">
    <groups>
    </groups>
    <test started-at="2025-01-22T19:02:29 IST" name="Default test" finished-at="2025-01-22T19:03:05 IST" duration-ms="36071">
      <class name="yahooTest.YahooHomePageUseCase">
        <test-method signature="validateStockCode(java.lang.String)[pri:0, instance:yahooTest.YahooHomePageUseCase@1ee29c84]" started-at="2025-01-22T19:02:29 IST" name="validateStockCode" data-provider="dataprovider" finished-at="2025-01-22T19:03:05 IST" duration-ms="36032" status="FAIL">
          <exception class="org.testng.internal.reflect.MethodMatcherException">
            <message>
              <![CDATA[
[public void yahooTest.YahooHomePageUseCase.validateStockCode(java.lang.String)] has no parameters defined but was found to be using a data provider (either explicitly specified or inherited from class level annotation).
Data provider mismatch
Method: validateStockCode([Parameter{index=0, type=java.lang.String, declaredAnnotations=[]}])
Arguments: []]]>
            </message>
            <full-stacktrace>
              <![CDATA[org.testng.internal.reflect.MethodMatcherException: 
[public void yahooTest.YahooHomePageUseCase.validateStockCode(java.lang.String)] has no parameters defined but was found to be using a data provider (either explicitly specified or inherited from class level annotation).
Data provider mismatch
Method: validateStockCode([Parameter{index=0, type=java.lang.String, declaredAnnotations=[]}])
Arguments: []
at org.testng.internal.reflect.DataProviderMethodMatcher.getConformingArguments(DataProviderMethodMatcher.java:43)
at org.testng.internal.Parameters.injectParameters(Parameters.java:914)
at org.testng.internal.MethodRunner.runInSequence(MethodRunner.java:34)
at org.testng.internal.TestInvoker$MethodInvocationAgent.invoke(TestInvoker.java:824)
at org.testng.internal.TestInvoker.invokeTestMethods(TestInvoker.java:146)
at org.testng.internal.TestMethodWorker.invokeTestMethods(TestMethodWorker.java:146)
at org.testng.internal.TestMethodWorker.run(TestMethodWorker.java:128)
at java.base/java.util.ArrayList.forEach(ArrayList.java:1511)
at org.testng.TestRunner.privateRun(TestRunner.java:794)
at org.testng.TestRunner.run(TestRunner.java:596)
at org.testng.SuiteRunner.runTest(SuiteRunner.java:377)
at org.testng.SuiteRunner.runSequentially(SuiteRunner.java:371)
at org.testng.SuiteRunner.privateRun(SuiteRunner.java:332)
at org.testng.SuiteRunner.run(SuiteRunner.java:276)
at org.testng.SuiteRunnerWorker.runSuite(SuiteRunnerWorker.java:53)
at org.testng.SuiteRunnerWorker.run(SuiteRunnerWorker.java:96)
at org.testng.TestNG.runSuitesSequentially(TestNG.java:1212)
at org.testng.TestNG.runSuitesLocally(TestNG.java:1134)
at org.testng.TestNG.runSuites(TestNG.java:1063)
at org.testng.TestNG.run(TestNG.java:1031)
at org.testng.remote.AbstractRemoteTestNG.run(AbstractRemoteTestNG.java:115)
at org.testng.remote.RemoteTestNG.initAndRun(RemoteTestNG.java:293)
at org.testng.remote.RemoteTestNG.main(RemoteTestNG.java:91)
]]>
            </full-stacktrace>
          </exception> <!-- org.testng.internal.reflect.MethodMatcherException -->
          <reporter-output>
          </reporter-output>
        </test-method> <!-- validateStockCode -->
        <test-method signature="validateStockCode(java.lang.String)[pri:0, instance:yahooTest.YahooHomePageUseCase@1ee29c84]" started-at="2025-01-22T19:02:29 IST" name="validateStockCode" data-provider="dataprovider" finished-at="2025-01-22T19:03:05 IST" duration-ms="35666" status="PASS">
          <params>
            <param index="0">
              <value>
                <![CDATA[TSLA]]>
              </value>
            </param>
          </params>
          <reporter-output>
          </reporter-output>
        </test-method> <!-- validateStockCode -->
        <test-method is-config="true" signature="teardown()[pri:0, instance:yahooTest.YahooHomePageUseCase@1ee29c84]" started-at="2025-01-22T19:03:05 IST" name="teardown" finished-at="2025-01-22T19:03:05 IST" duration-ms="319" status="PASS">
          <reporter-output>
          </reporter-output>
        </test-method> <!-- teardown -->
        <test-method signature="validateStockCode(java.lang.String)[pri:0, instance:yahooTest.YahooHomePageUseCase@1ee29c84]" started-at="2025-01-22T19:03:05 IST" name="validateStockCode" data-provider="dataprovider" finished-at="2025-01-22T19:03:05 IST" duration-ms="4" status="PASS">
          <params>
            <param index="0">
              <value>
                <![CDATA[TYUTU]]>
              </value>
            </param>
          </params>
          <reporter-output>
          </reporter-output>
        </test-method> <!-- validateStockCode -->
        <test-method is-config="true" signature="teardown()[pri:0, instance:yahooTest.YahooHomePageUseCase@1ee29c84]" started-at="2025-01-22T19:03:05 IST" name="teardown" finished-at="2025-01-22T19:03:05 IST" duration-ms="0" status="PASS">
          <reporter-output>
          </reporter-output>
        </test-method> <!-- teardown -->
        <test-method signature="validateStockCode(java.lang.String)[pri:0, instance:yahooTest.YahooHomePageUseCase@1ee29c84]" started-at="2025-01-22T19:03:05 IST" name="validateStockCode" data-provider="dataprovider" finished-at="2025-01-22T19:03:05 IST" duration-ms="3" status="PASS">
          <params>
            <param index="0">
              <value>
                <![CDATA[!@#$%]]>
              </value>
            </param>
          </params>
          <reporter-output>
          </reporter-output>
        </test-method> <!-- validateStockCode -->
        <test-method is-config="true" signature="teardown()[pri:0, instance:yahooTest.YahooHomePageUseCase@1ee29c84]" started-at="2025-01-22T19:03:05 IST" name="teardown" finished-at="2025-01-22T19:03:05 IST" duration-ms="0" status="PASS">
          <reporter-output>
          </reporter-output>
        </test-method> <!-- teardown -->
        <test-method signature="validateStockCode(java.lang.String)[pri:0, instance:yahooTest.YahooHomePageUseCase@1ee29c84]" started-at="2025-01-22T19:03:05 IST" name="validateStockCode" data-provider="dataprovider" finished-at="2025-01-22T19:03:05 IST" duration-ms="3" status="PASS">
          <params>
            <param index="0">
              <value>
                <![CDATA[]]>
              </value>
            </param>
          </params>
          <reporter-output>
          </reporter-output>
        </test-method> <!-- validateStockCode -->
        <test-method is-config="true" signature="teardown()[pri:0, instance:yahooTest.YahooHomePageUseCase@1ee29c84]" started-at="2025-01-22T19:03:05 IST" name="teardown" finished-at="2025-01-22T19:03:05 IST" duration-ms="0" status="PASS">
          <reporter-output>
          </reporter-output>
        </test-method> <!-- teardown -->
      </class> <!-- yahooTest.YahooHomePageUseCase -->
    </test> <!-- Default test -->
  </suite> <!-- Default suite -->
</testng-results>
